<?xml version="1.0" encoding="UTF-8"?>
<!-- Generated by org.testng.reporters.JUnitReportReporter -->
<testsuite hostname="QA1082" failures="0" tests="10" name="testNGSessions.Day27.InvocationCountConcept" time="0.071" errors="0" timestamp="2024-08-01T20:18:52 IST" skipped="0">
  <testcase classname="testNGSessions.Day27.InvocationCountConcept" name="addUserTest" time="0.006"/>
  <testcase classname="testNGSessions.Day27.InvocationCountConcept" name="addUserTest" time="0.005"/>
  <testcase classname="testNGSessions.Day27.InvocationCountConcept" name="addUserTest" time="0.003"/>
  <testcase classname="testNGSessions.Day27.InvocationCountConcept" name="addUserTest" time="0.004"/>
  <testcase classname="testNGSessions.Day27.InvocationCountConcept" name="addUserTest" time="0.013"/>
  <testcase classname="testNGSessions.Day27.InvocationCountConcept" name="addUserTest" time="0.008"/>
  <testcase classname="testNGSessions.Day27.InvocationCountConcept" name="addUserTest" time="0.005"/>
  <testcase classname="testNGSessions.Day27.InvocationCountConcept" name="addUserTest" time="0.020"/>
  <testcase classname="testNGSessions.Day27.InvocationCountConcept" name="addUserTest" time="0.005"/>
  <testcase classname="testNGSessions.Day27.InvocationCountConcept" name="addUserTest" time="0.002"/>
</testsuite> <!-- testNGSessions.Day27.InvocationCountConcept -->
