<?xml version="1.0" encoding="UTF-8"?>
<!-- Generated by org.testng.reporters.JUnitReportReporter -->
<testsuite hostname="QA1082" failures="0" tests="2" name="testNGSessions.Day27.MyTest.OrangeHRMTest" time="0.044" errors="0" timestamp="2024-06-22T12:00:48 IST" skipped="0">
  <testcase classname="testNGSessions.Day27.MyTest.OrangeHRMTest" name="orangeHRMTitleTest" time="0.007"/>
  <testcase classname="testNGSessions.Day27.MyTest.OrangeHRMTest" name="orangeHRMURLTest" time="0.037"/>
</testsuite> <!-- testNGSessions.Day27.MyTest.OrangeHRMTest -->
