<?xml version="1.0" encoding="UTF-8"?>
<!-- Generated by org.testng.reporters.JUnitReportReporter -->
<testsuite hostname="QA1082" failures="0" tests="5" name="testNGSessions.Day26.Day27.PriorityConcept" time="0.040" errors="0" timestamp="2024-06-21T22:22:36 IST" skipped="0">
  <testcase classname="testNGSessions.Day26.Day27.PriorityConcept" name="searchTest" time="0.017"/>
  <testcase classname="testNGSessions.Day26.Day27.PriorityConcept" name="checkOut" time="0.006"/>
  <testcase classname="testNGSessions.Day26.Day27.PriorityConcept" name="orderTest" time="0.002"/>
  <testcase classname="testNGSessions.Day26.Day27.PriorityConcept" name="paymentTest" time="0.005"/>
  <testcase classname="testNGSessions.Day26.Day27.PriorityConcept" name="addToCart" time="0.010"/>
</testsuite> <!-- testNGSessions.Day26.Day27.PriorityConcept -->
