<?xml version="1.0" encoding="UTF-8"?>
<!-- Generated by org.testng.reporters.JUnitReportReporter -->
<testsuite hostname="QA1082" failures="0" tests="3" name="testNGSessions.Day26.TestNGAnnotations" time="0.026" errors="0" timestamp="2024-06-21T11:02:03 IST" skipped="0">
  <testcase classname="testNGSessions.Day26.TestNGAnnotations" name="checkOut" time="0.007"/>
  <testcase classname="testNGSessions.Day26.TestNGAnnotations" name="searchTest" time="0.006"/>
  <testcase classname="testNGSessions.Day26.TestNGAnnotations" name="addToCart" time="0.013"/>
</testsuite> <!-- testNGSessions.Day26.TestNGAnnotations -->
