<?xml version="1.0" encoding="UTF-8"?>
<!-- Generated by org.testng.reporters.JUnitReportReporter -->
<testsuite hostname="QA1082" failures="0" tests="1" name="testNGSessions.Day27.ExpectedExceptionConcept" time="0.017" errors="0" timestamp="2024-06-21T22:36:20 IST" skipped="0">
  <testcase classname="testNGSessions.Day27.ExpectedExceptionConcept" name="addToCart" time="0.017"/>
</testsuite> <!-- testNGSessions.Day27.ExpectedExceptionConcept -->
