<?xml version="1.0" encoding="UTF-8"?>
<!-- Generated by org.testng.reporters.JUnitReportReporter -->
<testsuite hostname="QA1082" failures="0" tests="3" name="testNGSessions.Day26.TestNGAnnotations" time="0.080" errors="0" timestamp="2024-08-01T20:14:35 IST" skipped="0">
  <testcase classname="testNGSessions.Day26.TestNGAnnotations" name="checkOut" time="0.013"/>
  <testcase classname="testNGSessions.Day26.TestNGAnnotations" name="searchTest" time="0.019"/>
  <testcase classname="testNGSessions.Day26.TestNGAnnotations" name="addToCart" time="0.048"/>
</testsuite> <!-- testNGSessions.Day26.TestNGAnnotations -->
