<?xml version="1.0" encoding="UTF-8"?>
<!-- Generated by org.testng.reporters.JUnitReportReporter -->
<testsuite hostname="QA1082" failures="0" tests="5" name="testNGSessions.Day27.PriorityConcept" time="0.038" errors="0" timestamp="2024-06-21T22:27:28 IST" skipped="0">
  <testcase classname="testNGSessions.Day27.PriorityConcept" name="paymentTest" time="0.003"/>
  <testcase classname="testNGSessions.Day27.PriorityConcept" name="orderTest" time="0.026"/>
  <testcase classname="testNGSessions.Day27.PriorityConcept" name="searchTest" time="0.002"/>
  <testcase classname="testNGSessions.Day27.PriorityConcept" name="checkOut" time="0.002"/>
  <testcase classname="testNGSessions.Day27.PriorityConcept" name="addToCart" time="0.005"/>
</testsuite> <!-- testNGSessions.Day27.PriorityConcept -->
