<?xml version="1.0" encoding="UTF-8"?>
<!-- Generated by org.testng.reporters.JUnitReportReporter -->
<testsuite hostname="QA1082" failures="0" tests="3" name="testNGSessions.Day26.openCartLoginTest" time="0.133" errors="0" timestamp="2024-06-21T11:36:27 IST" skipped="0">
  <testcase classname="testNGSessions.Day26.openCartLoginTest" name="LoginPageURLTest" time="0.015"/>
  <testcase classname="testNGSessions.Day26.openCartLoginTest" name="LoginPageLogoTest" time="0.087"/>
  <testcase classname="testNGSessions.Day26.openCartLoginTest" name="LoginPageTitleTest" time="0.031"/>
</testsuite> <!-- testNGSessions.Day26.openCartLoginTest -->
