<?xml version="1.0" encoding="UTF-8"?>
<!-- Generated by org.testng.reporters.JUnitReportReporter -->
<testsuite hostname="QA1082" failures="0" tests="10" name="testNGSessions.Day27.InvocationCountConcept" time="0.048" errors="0" timestamp="2024-06-21T23:01:36 IST" skipped="0">
  <testcase classname="testNGSessions.Day27.InvocationCountConcept" name="addUserTest" time="0.005"/>
  <testcase classname="testNGSessions.Day27.InvocationCountConcept" name="addUserTest" time="0.008"/>
  <testcase classname="testNGSessions.Day27.InvocationCountConcept" name="addUserTest" time="0.001"/>
  <testcase classname="testNGSessions.Day27.InvocationCountConcept" name="addUserTest" time="0.002"/>
  <testcase classname="testNGSessions.Day27.InvocationCountConcept" name="addUserTest" time="0.003"/>
  <testcase classname="testNGSessions.Day27.InvocationCountConcept" name="addUserTest" time="0.003"/>
  <testcase classname="testNGSessions.Day27.InvocationCountConcept" name="addUserTest" time="0.004"/>
  <testcase classname="testNGSessions.Day27.InvocationCountConcept" name="addUserTest" time="0.017"/>
  <testcase classname="testNGSessions.Day27.InvocationCountConcept" name="addUserTest" time="0.002"/>
  <testcase classname="testNGSessions.Day27.InvocationCountConcept" name="addUserTest" time="0.003"/>
</testsuite> <!-- testNGSessions.Day27.InvocationCountConcept -->
