<?xml version="1.0" encoding="UTF-8"?>
<!-- Generated by org.testng.reporters.JUnitReportReporter -->
<testsuite hostname="QA1082" failures="0" tests="4" name="testNGSessions.Day27.CRUDTest" time="0.023" errors="0" timestamp="2024-06-21T22:57:44 IST" skipped="0">
  <testcase classname="testNGSessions.Day27.CRUDTest" name="getUserTest" time="0.002"/>
  <testcase classname="testNGSessions.Day27.CRUDTest" name="addUserTest" time="0.015"/>
  <testcase classname="testNGSessions.Day27.CRUDTest" name="deleteUserTest" time="0.003"/>
  <testcase classname="testNGSessions.Day27.CRUDTest" name="updateUserTest" time="0.003"/>
</testsuite> <!-- testNGSessions.Day27.CRUDTest -->
