<?xml version="1.0" encoding="UTF-8"?>
<!-- Generated by org.testng.reporters.JUnitReportReporter -->
<testsuite hostname="QA1082" failures="0" tests="3" name="testNGSessions.Day27.MyTest.Day28_RegistrationPageTest" time="7.277" errors="0" timestamp="2024-06-22T12:58:20 IST" skipped="0">
  <testcase classname="testNGSessions.Day27.MyTest.Day28_RegistrationPageTest" name="registerTest" time="2.287"/>
  <testcase classname="testNGSessions.Day27.MyTest.Day28_RegistrationPageTest" name="registerTest" time="2.696"/>
  <testcase classname="testNGSessions.Day27.MyTest.Day28_RegistrationPageTest" name="registerTest" time="2.294"/>
</testsuite> <!-- testNGSessions.Day27.MyTest.Day28_RegistrationPageTest -->
