<?xml version="1.0" encoding="UTF-8"?>
<!-- Generated by org.testng.reporters.JUnitReportReporter -->
<testsuite hostname="QA1082" failures="0" tests="2" name="testNGSessions.Day27.MyTest.GoogleTest" time="0.065" errors="0" timestamp="2024-06-22T12:00:48 IST" skipped="0">
  <testcase classname="testNGSessions.Day27.MyTest.GoogleTest" name="googleTitleTest" time="0.034"/>
  <testcase classname="testNGSessions.Day27.MyTest.GoogleTest" name="googleURLTest" time="0.031"/>
</testsuite> <!-- testNGSessions.Day27.MyTest.GoogleTest -->
