<?xml version="1.0" encoding="UTF-8"?>
<!-- Generated by org.testng.reporters.JUnitReportReporter -->
<testsuite hostname="QA1082" failures="0" tests="3" name="testNGSessions.Day27.MyTest.RegistrationPageTest" time="8.096" errors="0" timestamp="2024-06-22T12:42:43 IST" skipped="0">
  <testcase classname="testNGSessions.Day27.MyTest.RegistrationPageTest" name="registerTest" time="2.658"/>
  <testcase classname="testNGSessions.Day27.MyTest.RegistrationPageTest" name="registerTest" time="2.588"/>
  <testcase classname="testNGSessions.Day27.MyTest.RegistrationPageTest" name="registerTest" time="2.850"/>
</testsuite> <!-- testNGSessions.Day27.MyTest.RegistrationPageTest -->
